<?xml version="1.0" encoding="UTF-8"?>
<testng-results ignored="0" total="1" passed="1" failed="0" skipped="0">
  <reporter-output>
  </reporter-output>
  <suite started-at="2024-10-14T12:43:18 IST" name="Default suite" finished-at="2024-10-14T12:43:18 IST" duration-ms="116">
    <groups>
    </groups>
    <test started-at="2024-10-14T12:43:18 IST" name="Default test" finished-at="2024-10-14T12:43:18 IST" duration-ms="116">
      <class name="varsharchitect.VarshaFWA">
        <test-method signature="test()[pri:0, instance:varsharchitect.VarshaFWA@6973b51b]" started-at="2024-10-14T12:43:18 IST" name="test" finished-at="2024-10-14T12:43:18 IST" duration-ms="22" status="PASS">
          <reporter-output>
          </reporter-output>
        </test-method> <!-- test -->
      </class> <!-- varsharchitect.VarshaFWA -->
    </test> <!-- Default test -->
  </suite> <!-- Default suite -->
</testng-results>
